<?xml version="1.0" encoding="UTF-8"?>
<testsuite name="com.nonstop.covid19.TestVirusService" tests="1" skipped="0" failures="0" errors="0" timestamp="2020-03-24T10:21:10" hostname="kivadeWindows" time="2.134">
  <properties/>
  <testcase name="testAllDays" classname="com.nonstop.covid19.TestVirusService" time="2.134"/>
  <system-out><![CDATA[Wed Jan 22 08:00:00 CST 2020 { confirmed: 95, deaths: 0, recovered: 0 }
Thu Jan 23 08:00:00 CST 2020 { confirmed: 638, deaths: 18, recovered: 30 }
Fri Jan 24 08:00:00 CST 2020 { confirmed: 885, deaths: 26, recovered: 36 }
Sat Jan 25 08:00:00 CST 2020 { confirmed: 1414, deaths: 42, recovered: 39 }
Sun Jan 26 08:00:00 CST 2020 { confirmed: 2082, deaths: 56, recovered: 49 }
Mon Jan 27 08:00:00 CST 2020 { confirmed: 2889, deaths: 82, recovered: 61 }
Tue Jan 28 08:00:00 CST 2020 { confirmed: 5395, deaths: 131, recovered: 98 }
Wed Jan 29 08:00:00 CST 2020 { confirmed: 6105, deaths: 133, recovered: 121 }
Thu Jan 30 08:00:00 CST 2020 { confirmed: 8166, deaths: 171, recovered: 140 }
Fri Jan 31 08:00:00 CST 2020 { confirmed: 9827, deaths: 213, recovered: 213 }
Sat Feb 01 08:00:00 CST 2020 { confirmed: 11933, deaths: 259, recovered: 275 }
Sun Feb 02 08:00:00 CST 2020 { confirmed: 16625, deaths: 361, recovered: 464 }
Mon Feb 03 08:00:00 CST 2020 { confirmed: 19810, deaths: 425, recovered: 620 }
Tue Feb 04 08:00:00 CST 2020 { confirmed: 23713, deaths: 491, recovered: 842 }
Wed Feb 05 08:00:00 CST 2020 { confirmed: 27440, deaths: 563, recovered: 1111 }
Thu Feb 06 08:00:00 CST 2020 { confirmed: 30690, deaths: 634, recovered: 1474 }
Fri Feb 07 08:00:00 CST 2020 { confirmed: 34186, deaths: 718, recovered: 2003 }
Sat Feb 08 08:00:00 CST 2020 { confirmed: 36962, deaths: 805, recovered: 2597 }
Sun Feb 09 08:00:00 CST 2020 { confirmed: 39875, deaths: 905, recovered: 3198 }
Mon Feb 10 08:00:00 CST 2020 { confirmed: 42461, deaths: 1012, recovered: 3933 }
Tue Feb 11 08:00:00 CST 2020 { confirmed: 44658, deaths: 1113, recovered: 4657 }
Wed Feb 12 08:00:00 CST 2020 { confirmed: 44927, deaths: 1117, recovered: 5126 }
Thu Feb 13 08:00:00 CST 2020 { confirmed: 60055, deaths: 1368, recovered: 6188 }
Fri Feb 14 08:00:00 CST 2020 { confirmed: 66673, deaths: 1521, recovered: 8011 }
Sat Feb 15 08:00:00 CST 2020 { confirmed: 68823, deaths: 1664, recovered: 9308 }
Sun Feb 16 08:00:00 CST 2020 { confirmed: 71063, deaths: 1768, recovered: 10791 }
Mon Feb 17 08:00:00 CST 2020 { confirmed: 73088, deaths: 1865, recovered: 12510 }
Tue Feb 18 08:00:00 CST 2020 { confirmed: 74941, deaths: 2005, recovered: 14257 }
Wed Feb 19 08:00:00 CST 2020 { confirmed: 75361, deaths: 2120, recovered: 15978 }
Thu Feb 20 08:00:00 CST 2020 { confirmed: 75463, deaths: 2243, recovered: 18111 }
Fri Feb 21 08:00:00 CST 2020 { confirmed: 75738, deaths: 2244, recovered: 18597 }
Sat Feb 22 08:00:00 CST 2020 { confirmed: 78397, deaths: 2456, recovered: 22770 }
Sun Feb 23 08:00:00 CST 2020 { confirmed: 77873, deaths: 2462, recovered: 23129 }
Mon Feb 24 08:00:00 CST 2020 { confirmed: 78546, deaths: 2621, recovered: 25038 }
Tue Feb 25 08:00:00 CST 2020 { confirmed: 80110, deaths: 2705, recovered: 27699 }
Wed Feb 26 08:00:00 CST 2020 { confirmed: 80248, deaths: 2762, recovered: 30136 }
Thu Feb 27 08:00:00 CST 2020 { confirmed: 82011, deaths: 2807, recovered: 32745 }
Fri Feb 28 08:00:00 CST 2020 { confirmed: 82996, deaths: 2861, recovered: 36443 }
Sat Feb 29 08:00:00 CST 2020 { confirmed: 84850, deaths: 2932, recovered: 39518 }
Sun Mar 01 08:00:00 CST 2020 { confirmed: 87178, deaths: 2984, recovered: 42404 }
Mon Mar 02 08:00:00 CST 2020 { confirmed: 89412, deaths: 3078, recovered: 45031 }
Tue Mar 03 08:00:00 CST 2020 { confirmed: 90922, deaths: 3142, recovered: 47392 }
Wed Mar 04 08:00:00 CST 2020 { confirmed: 93137, deaths: 3230, recovered: 50325 }
Thu Mar 05 08:00:00 CST 2020 { confirmed: 96727, deaths: 3333, recovered: 53033 }
Fri Mar 06 08:00:00 CST 2020 { confirmed: 97318, deaths: 3410, recovered: 52565 }
Sat Mar 07 08:00:00 CST 2020 { confirmed: 103339, deaths: 3536, recovered: 57044 }
Sun Mar 08 08:00:00 CST 2020 { confirmed: 104059, deaths: 3725, recovered: 56746 }
Mon Mar 09 08:00:00 CST 2020 { confirmed: 108919, deaths: 3940, recovered: 58749 }
Tue Mar 10 08:00:00 CST 2020 { confirmed: 118398, deaths: 4262, recovered: 64390 }
Wed Mar 11 08:00:00 CST 2020 { confirmed: 103587, deaths: 3663, recovered: 62275 }
Thu Mar 12 08:00:00 CST 2020 { confirmed: 121208, deaths: 4658, recovered: 62080 }
Fri Mar 13 08:00:00 CST 2020 { confirmed: 139481, deaths: 5360, recovered: 65568 }
Sat Mar 14 08:00:00 CST 2020 { confirmed: 146274, deaths: 5713, recovered: 65000 }
Sun Mar 15 08:00:00 CST 2020 { confirmed: 156849, deaths: 6356, recovered: 68709 }
Mon Mar 16 08:00:00 CST 2020 { confirmed: 172434, deaths: 7040, recovered: 70567 }
Tue Mar 17 08:00:00 CST 2020 { confirmed: 186994, deaths: 7822, recovered: 71851 }
Wed Mar 18 08:00:00 CST 2020 { confirmed: 205812, deaths: 8646, recovered: 75500 }
Thu Mar 19 08:00:00 CST 2020 { confirmed: 234577, deaths: 9792, recovered: 77825 }
Fri Mar 20 08:00:00 CST 2020 { confirmed: 263934, deaths: 11210, recovered: 79792 }
Sat Mar 21 08:00:00 CST 2020 { confirmed: 297622, deaths: 12893, recovered: 86463 }
Sun Mar 22 08:00:00 CST 2020 { confirmed: 335957, deaths: 14634, recovered: 97882 }
]]></system-out>
  <system-err><![CDATA[]]></system-err>
</testsuite>
